<?xml version="1.0" encoding="UTF-8"?>
<!-- Generated by org.testng.reporters.JUnitReportReporter -->
<testsuite hostname="ord-w-dabburb" name="com.zopa.qa.testcases.EndToEndTests" tests="1" failures="0" timestamp="15 May 2018 06:34:15 GMT" time="46.966" errors="0">
  <testcase name="loanQuoteTest" time="46.966" classname="com.zopa.qa.testcases.EndToEndTests"/>
</testsuite> <!-- com.zopa.qa.testcases.EndToEndTests -->
